<?xml version="1.0" encoding="UTF-8"?>
<!-- Generated by org.testng.reporters.JUnitXMLReporter -->
<testsuite hostname="DESKTOP-NJ8NSMR" ignored="0" name="Default test" tests="5" failures="0" timestamp="2022-03-31T11:19:10 IST" time="0.15" errors="0">
  <testcase name="setProperty" time="0.021" classname="org.testNG.Invocation_Count"/>
  <testcase name="browserLaunch" time="0.004" classname="org.testNG.Invocation_Count"/>
  <testcase name="refresh" time="0.001" classname="org.testNG.Invocation_Count"/>
  <testcase name="refresh" time="0.002" classname="org.testNG.Invocation_Count"/>
  <testcase name="refresh" time="0.002" classname="org.testNG.Invocation_Count"/>
</testsuite> <!-- Default test -->
