<?xml version="1.0" encoding="UTF-8"?>
<!-- Generated by org.testng.reporters.JUnitXMLReporter -->
<testsuite hostname="DESKTOP-NJ8NSMR" ignored="1" name="Test" tests="4" failures="0" timestamp="2022-03-25T19:11:58 IST" time="0.113" errors="0">
  <testcase name="Dressing" time="0.012" classname="org.testNG.Grouping_Concept"/>
  <testcase name="spotify" time="0.002" classname="org.testNG.Grouping_Concept"/>
  <testcase name="tshirt" time="0.002" classname="org.testNG.Grouping_Concept"/>
  <testcase name="wynk" time="0.002" classname="org.testNG.Grouping_Concept"/>
  <testcase name="sports" time="0.0" classname="org.testNG.Grouping_Concept">
    <ignored/>
  </testcase> <!-- sports -->
</testsuite> <!-- Test -->
